C:\Program Files (x86)\MSBuild\Microsoft.Cpp\v4.0\V140\Microsoft.CppBuild.targets(368,5): warning MSB8004: Output Directory does not end with a trailing slash.  This build instance will add the slash as it is required to allow proper evaluation of the Output Directory.
  Engine.cpp
C:\Program Files (x86)\Windows Kits\8.1\Include\shared\minwindef.h(130): warning C4005: 'APIENTRY': macro redefinition
  C:\Users\Joe\Desktop\EngineSolution\code\dependencies\GLFW/glfw3.h(98): note: see previous definition of 'APIENTRY'
c:\users\joe\desktop\enginesolution\code\systems\graphics\graphicsobjectcollection\modelcollection\../GraphicsObjectCollection.h(42): warning C4018: '<': signed/unsigned mismatch
  c:\users\joe\desktop\enginesolution\code\systems\graphics\graphicsobjectcollection\modelcollection\../GraphicsObjectCollection.h(41): note: while compiling class template member function 'guar::GFX::RenderTexture *guar::GFX::GraphicsObjectCollection<guar::GFX::RenderTexture,BaseType>::find(const std::string &)'
          with
          [
              BaseType=guar::GFX::RenderTexture
          ]
  c:\users\joe\desktop\enginesolution\code\systems\engine\../Graphics/Graphics.h(47): note: see reference to function template instantiation 'guar::GFX::RenderTexture *guar::GFX::GraphicsObjectCollection<guar::GFX::RenderTexture,BaseType>::find(const std::string &)' being compiled
          with
          [
              BaseType=guar::GFX::RenderTexture
          ]
  c:\users\joe\desktop\enginesolution\code\systems\graphics\GraphicsObjectCollection/RenderTextureCollection/RenderTextureCollection.h(12): note: see reference to class template instantiation 'guar::GFX::GraphicsObjectCollection<guar::GFX::RenderTexture,BaseType>' being compiled
          with
          [
              BaseType=guar::GFX::RenderTexture
          ]
  Engine.vcxproj -> C:\Users\Joe\Desktop\EngineSolution\_VSC2015\systems\..\..\build\bin\Engine.lib
