c:\users\joe\desktop\enginesolution\_vsc2015\systems\graphics\release\graphics.pdb
c:\users\joe\desktop\enginesolution\_vsc2015\systems\graphics\release\rendertexture.obj
c:\users\joe\desktop\enginesolution\_vsc2015\systems\graphics\release\renderobserver.obj
c:\users\joe\desktop\enginesolution\_vsc2015\systems\graphics\release\renderobject.obj
c:\users\joe\desktop\enginesolution\_vsc2015\systems\graphics\release\renderobjectcollection.obj
c:\users\joe\desktop\enginesolution\_vsc2015\systems\graphics\release\renderlight.obj
c:\users\joe\desktop\enginesolution\_vsc2015\systems\graphics\release\rendercamera.obj
c:\users\joe\desktop\enginesolution\_vsc2015\systems\graphics\release\openglhelper.obj
c:\users\joe\desktop\enginesolution\_vsc2015\systems\graphics\release\opengldiagnostics.obj
c:\users\joe\desktop\enginesolution\_vsc2015\systems\graphics\release\openglcallinterpreter.obj
c:\users\joe\desktop\enginesolution\_vsc2015\systems\graphics\release\quad.obj
c:\users\joe\desktop\enginesolution\_vsc2015\systems\graphics\release\model.obj
c:\users\joe\desktop\enginesolution\_vsc2015\systems\graphics\release\cube.obj
c:\users\joe\desktop\enginesolution\_vsc2015\systems\graphics\release\graphicsobject.obj
c:\users\joe\desktop\enginesolution\_vsc2015\systems\graphics\release\texturecollection.obj
c:\users\joe\desktop\enginesolution\_vsc2015\systems\graphics\release\shaderprogramcollection.obj
c:\users\joe\desktop\enginesolution\_vsc2015\systems\graphics\release\rendertexturecollection.obj
c:\users\joe\desktop\enginesolution\_vsc2015\systems\graphics\release\modelcollection.obj
c:\users\joe\desktop\enginesolution\_vsc2015\systems\graphics\release\graphicsobjectcollection.obj
c:\users\joe\desktop\enginesolution\_vsc2015\systems\graphics\release\graphics.obj
c:\users\joe\desktop\enginesolution\_vsc2015\systems\graphics\release\vertexformat.obj
c:\users\joe\desktop\enginesolution\_vsc2015\systems\graphics\release\texture.obj
c:\users\joe\desktop\enginesolution\_vsc2015\systems\graphics\release\checkeredtextureofdeath.obj
c:\users\joe\desktop\enginesolution\_vsc2015\systems\graphics\release\standarduniforms.obj
c:\users\joe\desktop\enginesolution\_vsc2015\systems\graphics\release\staticshaderprogram.obj
c:\users\joe\desktop\enginesolution\_vsc2015\systems\graphics\release\skybox.obj
c:\users\joe\desktop\enginesolution\_vsc2015\systems\graphics\release\rendertexturedepthdisplay.obj
c:\users\joe\desktop\enginesolution\_vsc2015\systems\graphics\release\rendertexturecolordisplay.obj
c:\users\joe\desktop\enginesolution\_vsc2015\systems\graphics\release\pinkshaderofdeath.obj
c:\users\joe\desktop\enginesolution\_vsc2015\systems\graphics\release\opaque.obj
c:\users\joe\desktop\enginesolution\_vsc2015\systems\graphics\release\alphacutoff.obj
c:\users\joe\desktop\enginesolution\_vsc2015\systems\graphics\release\shaderprogram.obj
c:\users\joe\desktop\enginesolution\_vsc2015\systems\graphics\release\dynamicshaderprogram.obj
c:\users\joe\desktop\enginesolution\_vsc2015\systems\graphics\release\shaderdrawcallinterpreter.obj
c:\users\joe\desktop\enginesolution\build\bin\graphics.lib
c:\users\joe\desktop\enginesolution\_vsc2015\systems\..\..\build\bin\graphics.lib
c:\users\joe\desktop\enginesolution\_vsc2015\systems\graphics\release\graphics.tlog\cl.command.1.tlog
c:\users\joe\desktop\enginesolution\_vsc2015\systems\graphics\release\graphics.tlog\cl.read.1.tlog
c:\users\joe\desktop\enginesolution\_vsc2015\systems\graphics\release\graphics.tlog\cl.write.1.tlog
c:\users\joe\desktop\enginesolution\_vsc2015\systems\graphics\release\graphics.tlog\lib-link.read.1.tlog
c:\users\joe\desktop\enginesolution\_vsc2015\systems\graphics\release\graphics.tlog\lib-link.write.1.tlog
c:\users\joe\desktop\enginesolution\_vsc2015\systems\graphics\release\graphics.tlog\lib.command.1.tlog
