c:\users\joe\desktop\enginesolution\_vsc2015\systems\entitycomponentsystem\release\entitycomponentsystem.pdb
c:\users\joe\desktop\enginesolution\_vsc2015\systems\entitycomponentsystem\release\scenegraph.obj
c:\users\joe\desktop\enginesolution\_vsc2015\systems\entitycomponentsystem\release\scenegraphcollection.obj
c:\users\joe\desktop\enginesolution\_vsc2015\systems\entitycomponentsystem\release\gameobject.obj
c:\users\joe\desktop\enginesolution\_vsc2015\systems\entitycomponentsystem\release\gameobjectcollection.obj
c:\users\joe\desktop\enginesolution\_vsc2015\systems\entitycomponentsystem\release\transform.obj
c:\users\joe\desktop\enginesolution\_vsc2015\systems\entitycomponentsystem\release\renderer.obj
c:\users\joe\desktop\enginesolution\_vsc2015\systems\entitycomponentsystem\release\observer.obj
c:\users\joe\desktop\enginesolution\_vsc2015\systems\entitycomponentsystem\release\light.obj
c:\users\joe\desktop\enginesolution\_vsc2015\systems\entitycomponentsystem\release\component.obj
c:\users\joe\desktop\enginesolution\_vsc2015\systems\entitycomponentsystem\release\camera.obj
c:\users\joe\desktop\enginesolution\_vsc2015\systems\entitycomponentsystem\release\componenttyperegistry.obj
c:\users\joe\desktop\enginesolution\_vsc2015\systems\entitycomponentsystem\release\componentcollection.obj
c:\users\joe\desktop\enginesolution\build\bin\entitycomponentsystem.lib
c:\users\joe\desktop\enginesolution\_vsc2015\systems\..\..\build\bin\entitycomponentsystem.lib
c:\users\joe\desktop\enginesolution\_vsc2015\systems\entitycomponentsystem\release\entityco.00faf265.tlog\cl.command.1.tlog
c:\users\joe\desktop\enginesolution\_vsc2015\systems\entitycomponentsystem\release\entityco.00faf265.tlog\cl.read.1.tlog
c:\users\joe\desktop\enginesolution\_vsc2015\systems\entitycomponentsystem\release\entityco.00faf265.tlog\cl.write.1.tlog
c:\users\joe\desktop\enginesolution\_vsc2015\systems\entitycomponentsystem\release\entityco.00faf265.tlog\lib-link.read.1.tlog
c:\users\joe\desktop\enginesolution\_vsc2015\systems\entitycomponentsystem\release\entityco.00faf265.tlog\lib-link.write.1.tlog
c:\users\joe\desktop\enginesolution\_vsc2015\systems\entitycomponentsystem\release\entityco.00faf265.tlog\lib.command.1.tlog
