C:\Program Files (x86)\MSBuild\Microsoft.Cpp\v4.0\V140\Microsoft.CppBuild.targets(368,5): warning MSB8004: Output Directory does not end with a trailing slash.  This build instance will add the slash as it is required to allow proper evaluation of the Output Directory.
  ComponentCollection.cpp
..\..\..\code\systems\EntityComponentSystem\ComponentCollection\ComponentCollection.cpp(8): warning C4018: '>=': signed/unsigned mismatch
  ComponentTypeRegistry.cpp
c:\users\joe\desktop\enginesolution\code\systems\entitycomponentsystem\componenttyperegistry\../Component/Renderer/Renderer.h(23): warning C4091: 'static ': ignored on left of 'guar::ECS::Transform' when no variable is declared
c:\users\joe\desktop\enginesolution\code\systems\entitycomponentsystem\componenttyperegistry\../Component/Renderer/Renderer.h(24): warning C4091: 'static ': ignored on left of 'guar::ECS::Light' when no variable is declared
c:\users\joe\desktop\enginesolution\code\systems\entitycomponentsystem\componenttyperegistry\../Component/Renderer/Renderer.h(25): warning C4091: 'static ': ignored on left of 'guar::ECS::SceneGraph' when no variable is declared
c:\users\joe\desktop\enginesolution\code\systems\entitycomponentsystem\componenttyperegistry\../Component/Renderer/Renderer.h(26): warning C4091: 'static ': ignored on left of 'guar::ECS::Camera' when no variable is declared
c:\users\joe\desktop\enginesolution\code\systems\entitycomponentsystem\componenttyperegistry\../Component/Renderer/Renderer.h(27): warning C4091: 'static ': ignored on left of 'guar::ECS::Observer' when no variable is declared
  Camera.cpp
c:\users\joe\desktop\enginesolution\code\systems\entitycomponentsystem\component\camera\../../GameObject/GameObject.h(81): warning C4018: '<': signed/unsigned mismatch
  ..\..\..\code\systems\EntityComponentSystem\Component\Camera\Camera.cpp(14): note: see reference to function template instantiation 'std::weak_ptr<guar::ECS::Transform> guar::ECS::GameObject::findComponent<guar::ECS::Transform>(void)' being compiled
  Component.cpp
  Light.cpp
c:\users\joe\desktop\enginesolution\code\systems\graphics\graphicsobjectcollection\modelcollection\../GraphicsObjectCollection.h(42): warning C4018: '<': signed/unsigned mismatch
  c:\users\joe\desktop\enginesolution\code\systems\graphics\graphicsobjectcollection\modelcollection\../GraphicsObjectCollection.h(41): note: while compiling class template member function 'guar::GFX::RenderTexture *guar::GFX::GraphicsObjectCollection<guar::GFX::RenderTexture,BaseType>::find(const std::string &)'
          with
          [
              BaseType=guar::GFX::RenderTexture
          ]
  c:\users\joe\desktop\enginesolution\code\systems\entitycomponentsystem\component\light\../../../Graphics/Graphics.h(47): note: see reference to function template instantiation 'guar::GFX::RenderTexture *guar::GFX::GraphicsObjectCollection<guar::GFX::RenderTexture,BaseType>::find(const std::string &)' being compiled
          with
          [
              BaseType=guar::GFX::RenderTexture
          ]
  c:\users\joe\desktop\enginesolution\code\systems\graphics\GraphicsObjectCollection/RenderTextureCollection/RenderTextureCollection.h(12): note: see reference to class template instantiation 'guar::GFX::GraphicsObjectCollection<guar::GFX::RenderTexture,BaseType>' being compiled
          with
          [
              BaseType=guar::GFX::RenderTexture
          ]
c:\users\joe\desktop\enginesolution\code\systems\entitycomponentsystem\component\light\../../GameObject/GameObject.h(81): warning C4018: '<': signed/unsigned mismatch
  ..\..\..\code\systems\EntityComponentSystem\Component\Light\Light.cpp(16): note: see reference to function template instantiation 'std::weak_ptr<guar::ECS::Transform> guar::ECS::GameObject::findComponent<guar::ECS::Transform>(void)' being compiled
  Observer.cpp
  Renderer.cpp
c:\users\joe\desktop\enginesolution\code\systems\entitycomponentsystem\component\renderer\Renderer.h(23): warning C4091: 'static ': ignored on left of 'guar::ECS::Transform' when no variable is declared
c:\users\joe\desktop\enginesolution\code\systems\entitycomponentsystem\component\renderer\Renderer.h(24): warning C4091: 'static ': ignored on left of 'guar::ECS::Light' when no variable is declared
c:\users\joe\desktop\enginesolution\code\systems\entitycomponentsystem\component\renderer\Renderer.h(25): warning C4091: 'static ': ignored on left of 'guar::ECS::SceneGraph' when no variable is declared
c:\users\joe\desktop\enginesolution\code\systems\entitycomponentsystem\component\renderer\Renderer.h(26): warning C4091: 'static ': ignored on left of 'guar::ECS::Camera' when no variable is declared
c:\users\joe\desktop\enginesolution\code\systems\entitycomponentsystem\component\renderer\Renderer.h(27): warning C4091: 'static ': ignored on left of 'guar::ECS::Observer' when no variable is declared
..\..\..\code\systems\EntityComponentSystem\Component\Renderer\Renderer.cpp(53): warning C4018: '<': signed/unsigned mismatch
c:\users\joe\desktop\enginesolution\code\systems\graphics\graphicsobjectcollection\modelcollection\../GraphicsObjectCollection.h(42): warning C4018: '<': signed/unsigned mismatch
  c:\users\joe\desktop\enginesolution\code\systems\graphics\graphicsobjectcollection\modelcollection\../GraphicsObjectCollection.h(41): note: while compiling class template member function 'guar::GFX::RenderTexture *guar::GFX::GraphicsObjectCollection<guar::GFX::RenderTexture,BaseType>::find(const std::string &)'
          with
          [
              BaseType=guar::GFX::RenderTexture
          ]
  c:\users\joe\desktop\enginesolution\code\systems\entitycomponentsystem\component\renderer\../../../Graphics/Graphics.h(47): note: see reference to function template instantiation 'guar::GFX::RenderTexture *guar::GFX::GraphicsObjectCollection<guar::GFX::RenderTexture,BaseType>::find(const std::string &)' being compiled
          with
          [
              BaseType=guar::GFX::RenderTexture
          ]
  c:\users\joe\desktop\enginesolution\code\systems\graphics\GraphicsObjectCollection/RenderTextureCollection/RenderTextureCollection.h(12): note: see reference to class template instantiation 'guar::GFX::GraphicsObjectCollection<guar::GFX::RenderTexture,BaseType>' being compiled
          with
          [
              BaseType=guar::GFX::RenderTexture
          ]
c:\users\joe\desktop\enginesolution\code\systems\entitycomponentsystem\component\renderer\../../GameObject/GameObject.h(81): warning C4018: '<': signed/unsigned mismatch
  ..\..\..\code\systems\EntityComponentSystem\Component\Renderer\Renderer.cpp(28): note: see reference to function template instantiation 'std::weak_ptr<guar::ECS::Transform> guar::ECS::GameObject::findComponent<guar::ECS::Transform>(void)' being compiled
  Transform.cpp
  GameObjectCollection.cpp
  GameObject.cpp
c:\users\joe\desktop\enginesolution\code\systems\entitycomponentsystem\gameobject\../Component/Renderer/Renderer.h(23): warning C4091: 'static ': ignored on left of 'guar::ECS::Transform' when no variable is declared
c:\users\joe\desktop\enginesolution\code\systems\entitycomponentsystem\gameobject\../Component/Renderer/Renderer.h(24): warning C4091: 'static ': ignored on left of 'guar::ECS::Light' when no variable is declared
c:\users\joe\desktop\enginesolution\code\systems\entitycomponentsystem\gameobject\../Component/Renderer/Renderer.h(25): warning C4091: 'static ': ignored on left of 'guar::ECS::SceneGraph' when no variable is declared
c:\users\joe\desktop\enginesolution\code\systems\entitycomponentsystem\gameobject\../Component/Renderer/Renderer.h(26): warning C4091: 'static ': ignored on left of 'guar::ECS::Camera' when no variable is declared
c:\users\joe\desktop\enginesolution\code\systems\entitycomponentsystem\gameobject\../Component/Renderer/Renderer.h(27): warning C4091: 'static ': ignored on left of 'guar::ECS::Observer' when no variable is declared
..\..\..\code\systems\EntityComponentSystem\GameObject\GameObject.cpp(41): warning C4018: '<': signed/unsigned mismatch
..\..\..\code\systems\EntityComponentSystem\GameObject\GameObject.cpp(45): warning C4018: '<': signed/unsigned mismatch
..\..\..\code\systems\EntityComponentSystem\GameObject\GameObject.cpp(54): warning C4018: '<': signed/unsigned mismatch
  SceneGraphCollection.cpp
..\..\..\code\systems\EntityComponentSystem\SceneGraphCollection\SceneGraphCollection.cpp(8): warning C4018: '<': signed/unsigned mismatch
  SceneGraph.cpp
c:\users\joe\desktop\enginesolution\code\systems\entitycomponentsystem\scenegraph\../Component/Renderer/Renderer.h(23): warning C4091: 'static ': ignored on left of 'guar::ECS::Transform' when no variable is declared
c:\users\joe\desktop\enginesolution\code\systems\entitycomponentsystem\scenegraph\../Component/Renderer/Renderer.h(24): warning C4091: 'static ': ignored on left of 'guar::ECS::Light' when no variable is declared
c:\users\joe\desktop\enginesolution\code\systems\entitycomponentsystem\scenegraph\../Component/Renderer/Renderer.h(25): warning C4091: 'static ': ignored on left of 'guar::ECS::SceneGraph' when no variable is declared
c:\users\joe\desktop\enginesolution\code\systems\entitycomponentsystem\scenegraph\../Component/Renderer/Renderer.h(26): warning C4091: 'static ': ignored on left of 'guar::ECS::Camera' when no variable is declared
c:\users\joe\desktop\enginesolution\code\systems\entitycomponentsystem\scenegraph\../Component/Renderer/Renderer.h(27): warning C4091: 'static ': ignored on left of 'guar::ECS::Observer' when no variable is declared
..\..\..\code\systems\EntityComponentSystem\SceneGraph\SceneGraph.cpp(32): warning C4018: '<': signed/unsigned mismatch
..\..\..\code\systems\EntityComponentSystem\SceneGraph\SceneGraph.cpp(39): warning C4018: '<': signed/unsigned mismatch
..\..\..\code\systems\EntityComponentSystem\SceneGraph\SceneGraph.cpp(49): warning C4018: '<': signed/unsigned mismatch
..\..\..\code\systems\EntityComponentSystem\SceneGraph\SceneGraph.cpp(53): warning C4018: '<': signed/unsigned mismatch
..\..\..\code\systems\EntityComponentSystem\SceneGraph\SceneGraph.cpp(65): warning C4018: '<': signed/unsigned mismatch
..\..\..\code\systems\EntityComponentSystem\SceneGraph\SceneGraph.cpp(69): warning C4018: '<': signed/unsigned mismatch
  EntityComponentSystem.vcxproj -> C:\Users\Joe\Desktop\EngineSolution\_VSC2015\systems\..\..\build\bin\EntityComponentSystem.lib
